# JRE version: OpenJDK Runtime Environment (8.0_152-b06) (build 1.8.0_152-release-1136-b06)
# Java VM: OpenJDK 64-Bit Server VM (25.152-b06 mixed mode windows-amd64 compressed oops)
Heap:
 PSYoungGen      total 204288K, used 180581K [0x00000000e0000000, 0x00000000eea80000, 0x0000000100000000)
  eden space 189952K, 87% used [0x00000000e0000000,0x00000000ea25ea90,0x00000000eb980000)
  from space 14336K, 99% used [0x00000000ebf80000,0x00000000ecd7aaf8,0x00000000ecd80000)
  to   space 25088K, 0% used [0x00000000ed200000,0x00000000ed200000,0x00000000eea80000)
 ParOldGen       total 141824K, used 46471K [0x00000000a0000000, 0x00000000a8a80000, 0x00000000e0000000)
  object space 141824K, 32% used [0x00000000a0000000,0x00000000a2d61ec0,0x00000000a8a80000)
 Metaspace       used 86738K, capacity 90540K, committed 90880K, reserved 1128448K
  class space    used 11441K, capacity 12202K, committed 12288K, reserved 1048576K
GC Heap History (10 events):
Event: 10.971 GC heap before
{Heap before GC invocations=12 (full 2):
 PSYoungGen      total 167424K, used 89397K [0x00000000e0000000, 0x00000000ee900000, 0x0000000100000000)
  eden space 151552K, 48% used [0x00000000e0000000,0x00000000e47d1810,0x00000000e9400000)
  from space 15872K, 99% used [0x00000000e9400000,0x00000000ea37bc08,0x00000000ea380000)
  to   space 21504K, 0% used [0x00000000ed400000,0x00000000ed400000,0x00000000ee900000)
 ParOldGen       total 95744K, used 30596K [0x00000000a0000000, 0x00000000a5d80000, 0x00000000e0000000)
  object space 95744K, 31% used [0x00000000a0000000,0x00000000a1de12a8,0x00000000a5d80000)
 Metaspace       used 57374K, capacity 58934K, committed 59028K, reserved 1099776K
  class space    used 7773K, capacity 8158K, committed 8192K, reserved 1048576K
Event: 10.985 GC heap after
Heap after GC invocations=12 (full 2):
 PSYoungGen      total 217600K, used 11936K [0x00000000e0000000, 0x00000000eeb80000, 0x0000000100000000)
  eden space 196096K, 0% used [0x00000000e0000000,0x00000000e0000000,0x00000000ebf80000)
  from space 21504K, 55% used [0x00000000ed400000,0x00000000edfa82e0,0x00000000ee900000)
  to   space 20992K, 0% used [0x00000000ebf80000,0x00000000ebf80000,0x00000000ed400000)
 ParOldGen       total 95744K, used 39680K [0x00000000a0000000, 0x00000000a5d80000, 0x00000000e0000000)
  object space 95744K, 41% used [0x00000000a0000000,0x00000000a26c01e0,0x00000000a5d80000)
 Metaspace       used 57374K, capacity 58934K, committed 59028K, reserved 1099776K
  class space    used 7773K, capacity 8158K, committed 8192K, reserved 1048576K
}
Event: 10.985 GC heap before
{Heap before GC invocations=13 (full 3):
 PSYoungGen      total 217600K, used 11936K [0x00000000e0000000, 0x00000000eeb80000, 0x0000000100000000)
  eden space 196096K, 0% used [0x00000000e0000000,0x00000000e0000000,0x00000000ebf80000)
  from space 21504K, 55% used [0x00000000ed400000,0x00000000edfa82e0,0x00000000ee900000)
  to   space 20992K, 0% used [0x00000000ebf80000,0x00000000ebf80000,0x00000000ed400000)
 ParOldGen       total 95744K, used 39680K [0x00000000a0000000, 0x00000000a5d80000, 0x00000000e0000000)
  object space 95744K, 41% used [0x00000000a0000000,0x00000000a26c01e0,0x00000000a5d80000)
 Metaspace       used 57374K, capacity 58934K, committed 59028K, reserved 1099776K
  class space    used 7773K, capacity 8158K, committed 8192K, reserved 1048576K
Event: 11.105 GC heap after
Heap after GC invocations=13 (full 3):
 PSYoungGen      total 217600K, used 0K [0x00000000e0000000, 0x00000000eeb80000, 0x0000000100000000)
  eden space 196096K, 0% used [0x00000000e0000000,0x00000000e0000000,0x00000000ebf80000)
  from space 21504K, 0% used [0x00000000ed400000,0x00000000ed400000,0x00000000ee900000)
  to   space 20992K, 0% used [0x00000000ebf80000,0x00000000ebf80000,0x00000000ed400000)
 ParOldGen       total 141824K, used 34876K [0x00000000a0000000, 0x00000000a8a80000, 0x00000000e0000000)
  object space 141824K, 24% used [0x00000000a0000000,0x00000000a220f208,0x00000000a8a80000)
 Metaspace       used 57374K, capacity 58934K, committed 59028K, reserved 1099776K
  class space    used 7773K, capacity 8158K, committed 8192K, reserved 1048576K
}
Event: 40.710 GC heap before
{Heap before GC invocations=14 (full 3):
 PSYoungGen      total 217600K, used 196096K [0x00000000e0000000, 0x00000000eeb80000, 0x0000000100000000)
  eden space 196096K, 100% used [0x00000000e0000000,0x00000000ebf80000,0x00000000ebf80000)
  from space 21504K, 0% used [0x00000000ed400000,0x00000000ed400000,0x00000000ee900000)
  to   space 20992K, 0% used [0x00000000ebf80000,0x00000000ebf80000,0x00000000ed400000)
 ParOldGen       total 141824K, used 34876K [0x00000000a0000000, 0x00000000a8a80000, 0x00000000e0000000)
  object space 141824K, 24% used [0x00000000a0000000,0x00000000a220f208,0x00000000a8a80000)
 Metaspace       used 69075K, capacity 70938K, committed 71296K, reserved 1110016K
  class space    used 9331K, capacity 9788K, committed 9856K, reserved 1048576K
Event: 40.727 GC heap after
Heap after GC invocations=14 (full 3):
 PSYoungGen      total 217088K, used 20987K [0x00000000e0000000, 0x00000000eeb80000, 0x0000000100000000)
  eden space 196096K, 0% used [0x00000000e0000000,0x00000000e0000000,0x00000000ebf80000)
  from space 20992K, 99% used [0x00000000ebf80000,0x00000000ed3fec50,0x00000000ed400000)
  to   space 21504K, 0% used [0x00000000ed400000,0x00000000ed400000,0x00000000ee900000)
 ParOldGen       total 141824K, used 38358K [0x00000000a0000000, 0x00000000a8a80000, 0x00000000e0000000)
  object space 141824K, 27% used [0x00000000a0000000,0x00000000a2575918,0x00000000a8a80000)
 Metaspace       used 69075K, capacity 70938K, committed 71296K, reserved 1110016K
  class space    used 9331K, capacity 9788K, committed 9856K, reserved 1048576K
}
Event: 44.545 GC heap before
{Heap before GC invocations=15 (full 3):
 PSYoungGen      total 217088K, used 216983K [0x00000000e0000000, 0x00000000eeb80000, 0x0000000100000000)
  eden space 196096K, 99% used [0x00000000e0000000,0x00000000ebf671e0,0x00000000ebf80000)
  from space 20992K, 99% used [0x00000000ebf80000,0x00000000ed3fec50,0x00000000ed400000)
  to   space 21504K, 0% used [0x00000000ed400000,0x00000000ed400000,0x00000000ee900000)
 ParOldGen       total 141824K, used 38358K [0x00000000a0000000, 0x00000000a8a80000, 0x00000000e0000000)
  object space 141824K, 27% used [0x00000000a0000000,0x00000000a2575918,0x00000000a8a80000)
 Metaspace       used 81113K, capacity 84376K, committed 84608K, reserved 1122304K
  class space    used 10906K, capacity 11589K, committed 11648K, reserved 1048576K
Event: 44.559 GC heap after
Heap after GC invocations=15 (full 3):
 PSYoungGen      total 217600K, used 17406K [0x00000000e0000000, 0x00000000eeb80000, 0x0000000100000000)
  eden space 196096K, 0% used [0x00000000e0000000,0x00000000e0000000,0x00000000ebf80000)
  from space 21504K, 80% used [0x00000000ed400000,0x00000000ee4ffa20,0x00000000ee900000)
  to   space 20992K, 0% used [0x00000000ebf80000,0x00000000ebf80000,0x00000000ed400000)
 ParOldGen       total 141824K, used 46463K [0x00000000a0000000, 0x00000000a8a80000, 0x00000000e0000000)
  object space 141824K, 32% used [0x00000000a0000000,0x00000000a2d5fec0,0x00000000a8a80000)
 Metaspace       used 81113K, capacity 84376K, committed 84608K, reserved 1122304K
  class space    used 10906K, capacity 11589K, committed 11648K, reserved 1048576K
}
Event: 360.794 GC heap before
{Heap before GC invocations=16 (full 3):
 PSYoungGen      total 217600K, used 213502K [0x00000000e0000000, 0x00000000eeb80000, 0x0000000100000000)
  eden space 196096K, 100% used [0x00000000e0000000,0x00000000ebf80000,0x00000000ebf80000)
  from space 21504K, 80% used [0x00000000ed400000,0x00000000ee4ffa20,0x00000000ee900000)
  to   space 20992K, 0% used [0x00000000ebf80000,0x00000000ebf80000,0x00000000ed400000)
 ParOldGen       total 141824K, used 46463K [0x00000000a0000000, 0x00000000a8a80000, 0x00000000e0000000)
  object space 141824K, 32% used [0x00000000a0000000,0x00000000a2d5fec0,0x00000000a8a80000)
 Metaspace       used 85347K, capacity 89002K, committed 89216K, reserved 1126400K
  class space    used 11324K, capacity 12056K, committed 12160K, reserved 1048576K
Event: 360.812 GC heap after
Heap after GC invocations=16 (full 3):
 PSYoungGen      total 204288K, used 14314K [0x00000000e0000000, 0x00000000eea80000, 0x0000000100000000)
  eden space 189952K, 0% used [0x00000000e0000000,0x00000000e0000000,0x00000000eb980000)
  from space 14336K, 99% used [0x00000000ebf80000,0x00000000ecd7aaf8,0x00000000ecd80000)
  to   space 25088K, 0% used [0x00000000ed200000,0x00000000ed200000,0x00000000eea80000)
 ParOldGen       total 141824K, used 46471K [0x00000000a0000000, 0x00000000a8a80000, 0x00000000e0000000)
  object space 141824K, 32% used [0x00000000a0000000,0x00000000a2d61ec0,0x00000000a8a80000)
 Metaspace       used 85347K, capacity 89002K, committed 89216K, reserved 1126400K
  class space    used 11324K, capacity 12056K, committed 12160K, reserved 1048576K
}

