# JRE version: OpenJDK Runtime Environment (8.0_152-b06) (build 1.8.0_152-release-1136-b06)
# Java VM: OpenJDK 64-Bit Server VM (25.152-b06 mixed mode windows-amd64 compressed oops)
Heap:
 PSYoungGen      total 186368K, used 16070K [0x00000000e0000000, 0x00000000ee280000, 0x0000000100000000)
  eden space 173568K, 1% used [0x00000000e0000000,0x00000000e0334050,0x00000000ea980000)
  from space 12800K, 99% used [0x00000000eb900000,0x00000000ec57db40,0x00000000ec580000)
  to   space 15872K, 0% used [0x00000000ea980000,0x00000000ea980000,0x00000000eb900000)
 ParOldGen       total 89088K, used 21923K [0x00000000a0000000, 0x00000000a5700000, 0x00000000e0000000)
  object space 89088K, 24% used [0x00000000a0000000,0x00000000a1568ca0,0x00000000a5700000)
 Metaspace       used 42920K, capacity 43748K, committed 44032K, reserved 1087488K
  class space    used 5816K, capacity 6095K, committed 6144K, reserved 1048576K
GC Heap History (10 events):
Event: 1.727 GC heap before
{Heap before GC invocations=6 (full 1):
 PSYoungGen      total 71680K, used 5108K [0x00000000e0000000, 0x00000000e9600000, 0x0000000100000000)
  eden space 66560K, 0% used [0x00000000e0000000,0x00000000e0000000,0x00000000e4100000)
  from space 5120K, 99% used [0x00000000e4100000,0x00000000e45fd060,0x00000000e4600000)
  to   space 10240K, 0% used [0x00000000e8c00000,0x00000000e8c00000,0x00000000e9600000)
 ParOldGen       total 87552K, used 8354K [0x00000000a0000000, 0x00000000a5580000, 0x00000000e0000000)
  object space 87552K, 9% used [0x00000000a0000000,0x00000000a0828898,0x00000000a5580000)
 Metaspace       used 20833K, capacity 21244K, committed 21248K, reserved 1067008K
  class space    used 2926K, capacity 3072K, committed 3072K, reserved 1048576K
Event: 1.750 GC heap after
Heap after GC invocations=6 (full 1):
 PSYoungGen      total 71680K, used 0K [0x00000000e0000000, 0x00000000e9600000, 0x0000000100000000)
  eden space 66560K, 0% used [0x00000000e0000000,0x00000000e0000000,0x00000000e4100000)
  from space 5120K, 0% used [0x00000000e4100000,0x00000000e4100000,0x00000000e4600000)
  to   space 10240K, 0% used [0x00000000e8c00000,0x00000000e8c00000,0x00000000e9600000)
 ParOldGen       total 58368K, used 8477K [0x00000000a0000000, 0x00000000a3900000, 0x00000000e0000000)
  object space 58368K, 14% used [0x00000000a0000000,0x00000000a08474c8,0x00000000a3900000)
 Metaspace       used 20833K, capacity 21244K, committed 21248K, reserved 1067008K
  class space    used 2926K, capacity 3072K, committed 3072K, reserved 1048576K
}
Event: 2.362 GC heap before
{Heap before GC invocations=7 (full 1):
 PSYoungGen      total 71680K, used 66560K [0x00000000e0000000, 0x00000000e9600000, 0x0000000100000000)
  eden space 66560K, 100% used [0x00000000e0000000,0x00000000e4100000,0x00000000e4100000)
  from space 5120K, 0% used [0x00000000e4100000,0x00000000e4100000,0x00000000e4600000)
  to   space 10240K, 0% used [0x00000000e8c00000,0x00000000e8c00000,0x00000000e9600000)
 ParOldGen       total 58368K, used 8477K [0x00000000a0000000, 0x00000000a3900000, 0x00000000e0000000)
  object space 58368K, 14% used [0x00000000a0000000,0x00000000a08474c8,0x00000000a3900000)
 Metaspace       used 26605K, capacity 27046K, committed 27136K, reserved 1073152K
  class space    used 3649K, capacity 3801K, committed 3840K, reserved 1048576K
Event: 2.378 GC heap after
Heap after GC invocations=7 (full 1):
 PSYoungGen      total 117760K, used 7337K [0x00000000e0000000, 0x00000000e9380000, 0x0000000100000000)
  eden space 110080K, 0% used [0x00000000e0000000,0x00000000e0000000,0x00000000e6b80000)
  from space 7680K, 95% used [0x00000000e8c00000,0x00000000e932a568,0x00000000e9380000)
  to   space 10240K, 0% used [0x00000000e7f80000,0x00000000e7f80000,0x00000000e8980000)
 ParOldGen       total 58368K, used 8485K [0x00000000a0000000, 0x00000000a3900000, 0x00000000e0000000)
  object space 58368K, 14% used [0x00000000a0000000,0x00000000a08494c8,0x00000000a3900000)
 Metaspace       used 26605K, capacity 27046K, committed 27136K, reserved 1073152K
  class space    used 3649K, capacity 3801K, committed 3840K, reserved 1048576K
}
Event: 3.951 GC heap before
{Heap before GC invocations=8 (full 1):
 PSYoungGen      total 117760K, used 105387K [0x00000000e0000000, 0x00000000e9380000, 0x0000000100000000)
  eden space 110080K, 89% used [0x00000000e0000000,0x00000000e5fc0920,0x00000000e6b80000)
  from space 7680K, 95% used [0x00000000e8c00000,0x00000000e932a568,0x00000000e9380000)
  to   space 10240K, 0% used [0x00000000e7f80000,0x00000000e7f80000,0x00000000e8980000)
 ParOldGen       total 58368K, used 8485K [0x00000000a0000000, 0x00000000a3900000, 0x00000000e0000000)
  object space 58368K, 14% used [0x00000000a0000000,0x00000000a08494c8,0x00000000a3900000)
 Metaspace       used 34750K, capacity 35308K, committed 35416K, reserved 1079296K
  class space    used 4811K, capacity 5026K, committed 5120K, reserved 1048576K
Event: 3.960 GC heap after
Heap after GC invocations=8 (full 1):
 PSYoungGen      total 140800K, used 10232K [0x00000000e0000000, 0x00000000ec580000, 0x0000000100000000)
  eden space 130560K, 0% used [0x00000000e0000000,0x00000000e0000000,0x00000000e7f80000)
  from space 10240K, 99% used [0x00000000e7f80000,0x00000000e897e2b8,0x00000000e8980000)
  to   space 12800K, 0% used [0x00000000eb900000,0x00000000eb900000,0x00000000ec580000)
 ParOldGen       total 58368K, used 11267K [0x00000000a0000000, 0x00000000a3900000, 0x00000000e0000000)
  object space 58368K, 19% used [0x00000000a0000000,0x00000000a0b00c30,0x00000000a3900000)
 Metaspace       used 34750K, capacity 35308K, committed 35416K, reserved 1079296K
  class space    used 4811K, capacity 5026K, committed 5120K, reserved 1048576K
}
Event: 3.960 GC heap before
{Heap before GC invocations=9 (full 2):
 PSYoungGen      total 140800K, used 10232K [0x00000000e0000000, 0x00000000ec580000, 0x0000000100000000)
  eden space 130560K, 0% used [0x00000000e0000000,0x00000000e0000000,0x00000000e7f80000)
  from space 10240K, 99% used [0x00000000e7f80000,0x00000000e897e2b8,0x00000000e8980000)
  to   space 12800K, 0% used [0x00000000eb900000,0x00000000eb900000,0x00000000ec580000)
 ParOldGen       total 58368K, used 11267K [0x00000000a0000000, 0x00000000a3900000, 0x00000000e0000000)
  object space 58368K, 19% used [0x00000000a0000000,0x00000000a0b00c30,0x00000000a3900000)
 Metaspace       used 34750K, capacity 35308K, committed 35416K, reserved 1079296K
  class space    used 4811K, capacity 5026K, committed 5120K, reserved 1048576K
Event: 4.001 GC heap after
Heap after GC invocations=9 (full 2):
 PSYoungGen      total 140800K, used 0K [0x00000000e0000000, 0x00000000ec580000, 0x0000000100000000)
  eden space 130560K, 0% used [0x00000000e0000000,0x00000000e0000000,0x00000000e7f80000)
  from space 10240K, 0% used [0x00000000e7f80000,0x00000000e7f80000,0x00000000e8980000)
  to   space 12800K, 0% used [0x00000000eb900000,0x00000000eb900000,0x00000000ec580000)
 ParOldGen       total 89088K, used 19285K [0x00000000a0000000, 0x00000000a5700000, 0x00000000e0000000)
  object space 89088K, 21% used [0x00000000a0000000,0x00000000a12d5400,0x00000000a5700000)
 Metaspace       used 34750K, capacity 35308K, committed 35416K, reserved 1079296K
  class space    used 4811K, capacity 5026K, committed 5120K, reserved 1048576K
}
Event: 4.835 GC heap before
{Heap before GC invocations=10 (full 2):
 PSYoungGen      total 140800K, used 130560K [0x00000000e0000000, 0x00000000ec580000, 0x0000000100000000)
  eden space 130560K, 100% used [0x00000000e0000000,0x00000000e7f80000,0x00000000e7f80000)
  from space 10240K, 0% used [0x00000000e7f80000,0x00000000e7f80000,0x00000000e8980000)
  to   space 12800K, 0% used [0x00000000eb900000,0x00000000eb900000,0x00000000ec580000)
 ParOldGen       total 89088K, used 19285K [0x00000000a0000000, 0x00000000a5700000, 0x00000000e0000000)
  object space 89088K, 21% used [0x00000000a0000000,0x00000000a12d5400,0x00000000a5700000)
 Metaspace       used 42630K, capacity 43436K, committed 43776K, reserved 1087488K
  class space    used 5778K, capacity 6057K, committed 6144K, reserved 1048576K
Event: 4.846 GC heap after
Heap after GC invocations=10 (full 2):
 PSYoungGen      total 186368K, used 12790K [0x00000000e0000000, 0x00000000ee280000, 0x0000000100000000)
  eden space 173568K, 0% used [0x00000000e0000000,0x00000000e0000000,0x00000000ea980000)
  from space 12800K, 99% used [0x00000000eb900000,0x00000000ec57db40,0x00000000ec580000)
  to   space 15872K, 0% used [0x00000000ea980000,0x00000000ea980000,0x00000000eb900000)
 ParOldGen       total 89088K, used 21923K [0x00000000a0000000, 0x00000000a5700000, 0x00000000e0000000)
  object space 89088K, 24% used [0x00000000a0000000,0x00000000a1568ca0,0x00000000a5700000)
 Metaspace       used 42630K, capacity 43436K, committed 43776K, reserved 1087488K
  class space    used 5778K, capacity 6057K, committed 6144K, reserved 1048576K
}

