# JRE version: OpenJDK Runtime Environment (8.0_152-b06) (build 1.8.0_152-release-1136-b06)
# Java VM: OpenJDK 64-Bit Server VM (25.152-b06 mixed mode windows-amd64 compressed oops)
Heap:
 PSYoungGen      total 71680K, used 58712K [0x00000000d5b00000, 0x00000000da600000, 0x0000000100000000)
  eden space 66560K, 80% used [0x00000000d5b00000,0x00000000d8f560f0,0x00000000d9c00000)
  from space 5120K, 100% used [0x00000000da100000,0x00000000da600000,0x00000000da600000)
  to   space 5120K, 0% used [0x00000000d9c00000,0x00000000d9c00000,0x00000000da100000)
 ParOldGen       total 64000K, used 33080K [0x0000000081000000, 0x0000000084e80000, 0x00000000d5b00000)
  object space 64000K, 51% used [0x0000000081000000,0x000000008304e3b8,0x0000000084e80000)
 Metaspace       used 38459K, capacity 39138K, committed 39384K, reserved 1083392K
  class space    used 4669K, capacity 4842K, committed 4864K, reserved 1048576K
GC Heap History (10 events):
Event: 0.849 GC heap before
{Heap before GC invocations=4 (full 1):
 PSYoungGen      total 71680K, used 5092K [0x00000000d5b00000, 0x00000000da600000, 0x0000000100000000)
  eden space 66560K, 0% used [0x00000000d5b00000,0x00000000d5b00000,0x00000000d9c00000)
  from space 5120K, 99% used [0x00000000d9c00000,0x00000000da0f9040,0x00000000da100000)
  to   space 5120K, 0% used [0x00000000da100000,0x00000000da100000,0x00000000da600000)
 ParOldGen       total 87552K, used 11288K [0x0000000081000000, 0x0000000086580000, 0x00000000d5b00000)
  object space 87552K, 12% used [0x0000000081000000,0x0000000081b06010,0x0000000086580000)
 Metaspace       used 20713K, capacity 21092K, committed 21248K, reserved 1067008K
  class space    used 2650K, capacity 2786K, committed 2816K, reserved 1048576K
Event: 0.869 GC heap after
Heap after GC invocations=4 (full 1):
 PSYoungGen      total 71680K, used 0K [0x00000000d5b00000, 0x00000000da600000, 0x0000000100000000)
  eden space 66560K, 0% used [0x00000000d5b00000,0x00000000d5b00000,0x00000000d9c00000)
  from space 5120K, 0% used [0x00000000d9c00000,0x00000000d9c00000,0x00000000da100000)
  to   space 5120K, 0% used [0x00000000da100000,0x00000000da100000,0x00000000da600000)
 ParOldGen       total 64000K, used 8337K [0x0000000081000000, 0x0000000084e80000, 0x00000000d5b00000)
  object space 64000K, 13% used [0x0000000081000000,0x0000000081824450,0x0000000084e80000)
 Metaspace       used 20713K, capacity 21092K, committed 21248K, reserved 1067008K
  class space    used 2650K, capacity 2786K, committed 2816K, reserved 1048576K
}
Event: 2.616 GC heap before
{Heap before GC invocations=5 (full 1):
 PSYoungGen      total 71680K, used 66560K [0x00000000d5b00000, 0x00000000da600000, 0x0000000100000000)
  eden space 66560K, 100% used [0x00000000d5b00000,0x00000000d9c00000,0x00000000d9c00000)
  from space 5120K, 0% used [0x00000000d9c00000,0x00000000d9c00000,0x00000000da100000)
  to   space 5120K, 0% used [0x00000000da100000,0x00000000da100000,0x00000000da600000)
 ParOldGen       total 64000K, used 8337K [0x0000000081000000, 0x0000000084e80000, 0x00000000d5b00000)
  object space 64000K, 13% used [0x0000000081000000,0x0000000081824450,0x0000000084e80000)
 Metaspace       used 29257K, capacity 29687K, committed 29952K, reserved 1075200K
  class space    used 3692K, capacity 3798K, committed 3840K, reserved 1048576K
Event: 2.624 GC heap after
Heap after GC invocations=5 (full 1):
 PSYoungGen      total 71680K, used 5118K [0x00000000d5b00000, 0x00000000da600000, 0x0000000100000000)
  eden space 66560K, 0% used [0x00000000d5b00000,0x00000000d5b00000,0x00000000d9c00000)
  from space 5120K, 99% used [0x00000000da100000,0x00000000da5ffb18,0x00000000da600000)
  to   space 5120K, 0% used [0x00000000d9c00000,0x00000000d9c00000,0x00000000da100000)
 ParOldGen       total 64000K, used 19688K [0x0000000081000000, 0x0000000084e80000, 0x00000000d5b00000)
  object space 64000K, 30% used [0x0000000081000000,0x000000008233a300,0x0000000084e80000)
 Metaspace       used 29257K, capacity 29687K, committed 29952K, reserved 1075200K
  class space    used 3692K, capacity 3798K, committed 3840K, reserved 1048576K
}
Event: 3.321 GC heap before
{Heap before GC invocations=6 (full 1):
 PSYoungGen      total 71680K, used 61384K [0x00000000d5b00000, 0x00000000da600000, 0x0000000100000000)
  eden space 66560K, 84% used [0x00000000d5b00000,0x00000000d91f27b8,0x00000000d9c00000)
  from space 5120K, 99% used [0x00000000da100000,0x00000000da5ffb18,0x00000000da600000)
  to   space 5120K, 0% used [0x00000000d9c00000,0x00000000d9c00000,0x00000000da100000)
 ParOldGen       total 64000K, used 19688K [0x0000000081000000, 0x0000000084e80000, 0x00000000d5b00000)
  object space 64000K, 30% used [0x0000000081000000,0x000000008233a300,0x0000000084e80000)
 Metaspace       used 34609K, capacity 35135K, committed 35416K, reserved 1081344K
  class space    used 4282K, capacity 4438K, committed 4480K, reserved 1048576K
Event: 3.334 GC heap after
Heap after GC invocations=6 (full 1):
 PSYoungGen      total 71680K, used 5095K [0x00000000d5b00000, 0x00000000da600000, 0x0000000100000000)
  eden space 66560K, 0% used [0x00000000d5b00000,0x00000000d5b00000,0x00000000d9c00000)
  from space 5120K, 99% used [0x00000000d9c00000,0x00000000da0f9fc8,0x00000000da100000)
  to   space 5120K, 0% used [0x00000000da100000,0x00000000da100000,0x00000000da600000)
 ParOldGen       total 64000K, used 30582K [0x0000000081000000, 0x0000000084e80000, 0x00000000d5b00000)
  object space 64000K, 47% used [0x0000000081000000,0x0000000082dddb60,0x0000000084e80000)
 Metaspace       used 34609K, capacity 35135K, committed 35416K, reserved 1081344K
  class space    used 4282K, capacity 4438K, committed 4480K, reserved 1048576K
}
Event: 3.334 GC heap before
{Heap before GC invocations=7 (full 2):
 PSYoungGen      total 71680K, used 5095K [0x00000000d5b00000, 0x00000000da600000, 0x0000000100000000)
  eden space 66560K, 0% used [0x00000000d5b00000,0x00000000d5b00000,0x00000000d9c00000)
  from space 5120K, 99% used [0x00000000d9c00000,0x00000000da0f9fc8,0x00000000da100000)
  to   space 5120K, 0% used [0x00000000da100000,0x00000000da100000,0x00000000da600000)
 ParOldGen       total 64000K, used 30582K [0x0000000081000000, 0x0000000084e80000, 0x00000000d5b00000)
  object space 64000K, 47% used [0x0000000081000000,0x0000000082dddb60,0x0000000084e80000)
 Metaspace       used 34609K, capacity 35135K, committed 35416K, reserved 1081344K
  class space    used 4282K, capacity 4438K, committed 4480K, reserved 1048576K
Event: 3.391 GC heap after
Heap after GC invocations=7 (full 2):
 PSYoungGen      total 71680K, used 0K [0x00000000d5b00000, 0x00000000da600000, 0x0000000100000000)
  eden space 66560K, 0% used [0x00000000d5b00000,0x00000000d5b00000,0x00000000d9c00000)
  from space 5120K, 0% used [0x00000000d9c00000,0x00000000d9c00000,0x00000000da100000)
  to   space 5120K, 0% used [0x00000000da100000,0x00000000da100000,0x00000000da600000)
 ParOldGen       total 64000K, used 29270K [0x0000000081000000, 0x0000000084e80000, 0x00000000d5b00000)
  object space 64000K, 45% used [0x0000000081000000,0x0000000082c958e8,0x0000000084e80000)
 Metaspace       used 34609K, capacity 35135K, committed 35416K, reserved 1081344K
  class space    used 4282K, capacity 4438K, committed 4480K, reserved 1048576K
}
Event: 3.801 GC heap before
{Heap before GC invocations=8 (full 2):
 PSYoungGen      total 71680K, used 66560K [0x00000000d5b00000, 0x00000000da600000, 0x0000000100000000)
  eden space 66560K, 100% used [0x00000000d5b00000,0x00000000d9c00000,0x00000000d9c00000)
  from space 5120K, 0% used [0x00000000d9c00000,0x00000000d9c00000,0x00000000da100000)
  to   space 5120K, 0% used [0x00000000da100000,0x00000000da100000,0x00000000da600000)
 ParOldGen       total 64000K, used 29270K [0x0000000081000000, 0x0000000084e80000, 0x00000000d5b00000)
  object space 64000K, 45% used [0x0000000081000000,0x0000000082c958e8,0x0000000084e80000)
 Metaspace       used 37106K, capacity 37686K, committed 37976K, reserved 1083392K
  class space    used 4503K, capacity 4666K, committed 4736K, reserved 1048576K
Event: 3.806 GC heap after
Heap after GC invocations=8 (full 2):
 PSYoungGen      total 71680K, used 5120K [0x00000000d5b00000, 0x00000000da600000, 0x0000000100000000)
  eden space 66560K, 0% used [0x00000000d5b00000,0x00000000d5b00000,0x00000000d9c00000)
  from space 5120K, 100% used [0x00000000da100000,0x00000000da600000,0x00000000da600000)
  to   space 5120K, 0% used [0x00000000d9c00000,0x00000000d9c00000,0x00000000da100000)
 ParOldGen       total 64000K, used 33080K [0x0000000081000000, 0x0000000084e80000, 0x00000000d5b00000)
  object space 64000K, 51% used [0x0000000081000000,0x000000008304e3b8,0x0000000084e80000)
 Metaspace       used 37106K, capacity 37686K, committed 37976K, reserved 1083392K
  class space    used 4503K, capacity 4666K, committed 4736K, reserved 1048576K
}

